<?xml version="1.0" encoding="UTF-8"?>
<!-- Generated by org.testng.reporters.JUnitXMLReporter -->
<testsuite hostname="Manish1185" ignored="0" name="NYC HALO App Test Case 2" tests="4" failures="0" timestamp="25 Jul 2018 11:38:39 GMT" time="41.012" errors="0">
  <testcase name="verifyHomePageTitleTest" time="0.006" classname="com.nyc.qa.testcases.HomePageTest"/>
  <testcase name="verifyUserNameTest" time="0.047" classname="com.nyc.qa.testcases.HomePageTest"/>
  <testcase name="verifyDashboardLinkTest" time="5.989" classname="com.nyc.qa.testcases.HomePageTest"/>
  <testcase name="verifyClientsLinkTest" time="6.152" classname="com.nyc.qa.testcases.HomePageTest"/>
</testsuite> <!-- NYC HALO App Test Case 2 -->
