<?xml version="1.0" encoding="UTF-8"?>
<!-- Generated by org.testng.reporters.JUnitXMLReporter -->
<testsuite hostname="Manish1185" ignored="0" name="NYC HALO App Test Case 3" tests="4" failures="0" timestamp="25 Jul 2018 11:39:42 GMT" time="63.184" errors="0">
  <testcase name="verifyShelterEntrantsCount" time="0.047" classname="com.nyc.qa.testcases.DashboardPageTest"/>
  <testcase name="verifyShelterExitsCountTest" time="0.19" classname="com.nyc.qa.testcases.DashboardPageTest"/>
  <testcase name="verifyclickOnDetailsEntrantButtonTest" time="6.272" classname="com.nyc.qa.testcases.DashboardPageTest"/>
  <testcase name="verifyclickOnDetailsExitsButtonTest" time="6.08" classname="com.nyc.qa.testcases.DashboardPageTest"/>
</testsuite> <!-- NYC HALO App Test Case 3 -->
