<?xml version="1.0" encoding="UTF-8"?>
<!-- Generated by org.testng.reporters.JUnitXMLReporter -->
<testsuite hostname="Manish1185" ignored="0" name="NYC HALO App Test Case 3" tests="4" failures="0" timestamp="25 Jul 2018 09:47:12 GMT" time="61.475" errors="0">
  <testcase name="verifyShelterEntrantsCount" time="0.156" classname="com.nyc.qa.testcases.DashboardPageTest"/>
  <testcase name="verifyShelterExitsCountTest" time="0.057" classname="com.nyc.qa.testcases.DashboardPageTest"/>
  <testcase name="verifyclickOnDetailsEntrantButtonTest" time="6.165" classname="com.nyc.qa.testcases.DashboardPageTest"/>
  <testcase name="verifyclickOnDetailsExitsButtonTest" time="5.984" classname="com.nyc.qa.testcases.DashboardPageTest"/>
</testsuite> <!-- NYC HALO App Test Case 3 -->
