<?xml version="1.0" encoding="UTF-8"?>
<!-- Generated by org.testng.reporters.JUnitXMLReporter -->
<testsuite hostname="Manish1185" ignored="0" name="NYC HALO App Test Case 1" tests="5" failures="0" timestamp="25 Jul 2018 09:45:30 GMT" time="30.629" errors="0">
  <testcase name="loginPageTitleTest" time="0.025" classname="com.nyc.qa.testcases.LoginPageTest"/>
  <testcase name="nycLogoImageTest" time="0.048" classname="com.nyc.qa.testcases.LoginPageTest"/>
  <testcase name="loginTest" time="2.357" classname="com.nyc.qa.testcases.LoginPageTest"/>
  <testcase name="loginWithUsersFromTestDataSheetTest" time="2.36" classname="com.nyc.qa.testcases.LoginPageTest"/>
  <testcase name="loginWithUsersFromTestDataSheetTest" time="2.402" classname="com.nyc.qa.testcases.LoginPageTest"/>
</testsuite> <!-- NYC HALO App Test Case 1 -->
