<?xml version="1.0" encoding="UTF-8"?>
<!-- Generated by org.testng.reporters.JUnitXMLReporter -->
<testsuite hostname="Manish1185" ignored="0" name="NYC HALO App Test Cases" tests="4" failures="0" timestamp="20 Jul 2018 09:37:41 GMT" time="24.598" errors="0">
  <testcase name="loginPageTitleTest" time="0.017" classname="com.nyc.qa.testcases.LoginPageTest"/>
  <testcase name="verifyHomePageTitleTest" time="0.008" classname="com.nyc.qa.testcases.HomePageTest"/>
  <testcase name="verifyShelterEntrantsCount" time="0.568" classname="com.nyc.qa.testcases.DashboardPageTest"/>
  <testcase name="nycLogoImageTest" time="0.047" classname="com.nyc.qa.testcases.LoginPageTest"/>
</testsuite> <!-- NYC HALO App Test Cases -->
