<?xml version="1.0" encoding="UTF-8"?>
<!-- Generated by org.testng.reporters.JUnitXMLReporter -->
<testsuite hostname="Manish1185" ignored="0" name="Free CRM App Test Cases" tests="4" failures="0" timestamp="20 Jul 2018 07:20:42 GMT" time="25.695" errors="0">
  <testcase name="loginPageTitleTest" time="0.017" classname="com.nyc.qa.testcases.LoginPageTest"/>
  <testcase name="verifyHomePageTitleTest" time="0.006" classname="com.nyc.qa.testcases.HomePageTest"/>
  <testcase name="verifyShelterEntrantsCount" time="0.04" classname="com.nyc.qa.testcases.DashboardPageTest"/>
  <testcase name="nycLogoImageTest" time="0.042" classname="com.nyc.qa.testcases.LoginPageTest"/>
</testsuite> <!-- Free CRM App Test Cases -->
